Build started 2010-12-13 19:02:19.
     1>Project "E:\INFORMATYKA\rok V sem zimowy\Systemy rekonfigurowalne\Projekt\ParallelEdgeDetection\ParallelEdgeDetection\ParallelEdgeDetection.vcxproj" on node 2 (build target(s)).
     1>InitializeBuildStatus:
         Touching "Debug\ParallelEdgeDetection.unsuccessfulbuild".
       ClCompile:
         All outputs are up-to-date.
       Link:
         C:\Program Files (x86)\Microsoft Visual Studio 10.0\VC\bin\link.exe /ERRORREPORT:PROMPT /OUT:"E:\INFORMATYKA\rok V sem zimowy\Systemy rekonfigurowalne\Projekt\ParallelEdgeDetection\Debug\ParallelEdgeDetection.exe" /INCREMENTAL:NO /NOLOGO /LIBPATH:"E:\INFORMATYKA\rok V sem zimowy\Systemy rekonfigurowalne\Projekt\ParallelEdgeDetection\SDKUtil\lib\debug\x86" /LIBPATH:"C:\Program Files (x86)\ATI Stream\lib\x86" OpenCL.lib SDKUtil.lib kernel32.lib user32.lib gdi32.lib winspool.lib comdlg32.lib advapi32.lib shell32.lib ole32.lib oleaut32.lib uuid.lib odbc32.lib odbccp32.lib /MANIFEST /ManifestFile:"Debug\ParallelEdgeDetection.exe.intermediate.manifest" /MANIFESTUAC:"level='asInvoker' uiAccess='false'" /DEBUG /PDB:"E:\INFORMATYKA\rok V sem zimowy\Systemy rekonfigurowalne\Projekt\ParallelEdgeDetection\Debug\ParallelEdgeDetection.pdb" /TLBID:1 /DYNAMICBASE /NXCOMPAT /IMPLIB:"E:\INFORMATYKA\rok V sem zimowy\Systemy rekonfigurowalne\Projekt\ParallelEdgeDetection\Debug\ParallelEdgeDetection.lib" /MACHINE:X86 Debug\Gauss.obj
         Debug\main.obj
         Debug\SobelFilter.obj
     1>Gauss.obj : warning LNK4075: ignoring '/EDITANDCONTINUE' due to '/INCREMENTAL:NO' specification
     1>msvcprtd.lib(MSVCP100D.dll) : error LNK2005: "public: class std::basic_ostream<char,struct std::char_traits<char> > & __thiscall std::basic_ostream<char,struct std::char_traits<char> >::operator<<(class std::basic_ostream<char,struct std::char_traits<char> > & (__cdecl*)(class std::basic_ostream<char,struct std::char_traits<char> > &))" (??6?$basic_ostream@DU?$char_traits@D@std@@@std@@QAEAAV01@P6AAAV01@AAV01@@Z@Z) already defined in SDKUtil.lib(SDKCommon.obj)
     1>msvcprtd.lib(MSVCP100D.dll) : error LNK2005: "class std::basic_ostream<char,struct std::char_traits<char> > & __cdecl std::endl(class std::basic_ostream<char,struct std::char_traits<char> > &)" (?endl@std@@YAAAV?$basic_ostream@DU?$char_traits@D@std@@@1@AAV21@@Z) already defined in SDKUtil.lib(SDKCommon.obj)
     1>msvcprtd.lib(MSVCP100D.dll) : error LNK2005: "public: class std::basic_ostream<char,struct std::char_traits<char> > & __thiscall std::basic_ostream<char,struct std::char_traits<char> >::operator<<(int)" (??6?$basic_ostream@DU?$char_traits@D@std@@@std@@QAEAAV01@H@Z) already defined in SDKUtil.lib(SDKCommon.obj)
     1>msvcprtd.lib(MSVCP100D.dll) : error LNK2005: "public: int __thiscall std::ios_base::setf(int,int)" (?setf@ios_base@std@@QAEHHH@Z) already defined in SDKUtil.lib(SDKCommon.obj)
     1>msvcprtd.lib(MSVCP100D.dll) : error LNK2005: "public: __thiscall std::_Container_base12::~_Container_base12(void)" (??1_Container_base12@std@@QAE@XZ) already defined in SDKUtil.lib(SDKCommon.obj)
     1>msvcprtd.lib(MSVCP100D.dll) : error LNK2005: "public: __thiscall std::_Container_base12::_Container_base12(void)" (??0_Container_base12@std@@QAE@XZ) already defined in SDKUtil.lib(SDKCommon.obj)
     1>msvcprtd.lib(MSVCP100D.dll) : error LNK2005: "public: void __thiscall std::_Container_base12::_Orphan_all(void)" (?_Orphan_all@_Container_base12@std@@QAEXXZ) already defined in SDKUtil.lib(SDKCommon.obj)
     1>msvcprtd.lib(MSVCP100D.dll) : error LNK2005: "public: void __thiscall std::basic_ios<char,struct std::char_traits<char> >::setstate(int,bool)" (?setstate@?$basic_ios@DU?$char_traits@D@std@@@std@@QAEXH_N@Z) already defined in SDKUtil.lib(SDKCommon.obj)
     1>msvcprtd.lib(MSVCP100D.dll) : error LNK2005: "public: __int64 __thiscall std::ios_base::width(__int64)" (?width@ios_base@std@@QAE_J_J@Z) already defined in SDKUtil.lib(SDKCommon.obj)
     1>msvcprtd.lib(MSVCP100D.dll) : error LNK2005: "public: __int64 __thiscall std::basic_streambuf<char,struct std::char_traits<char> >::sputn(char const *,__int64)" (?sputn@?$basic_streambuf@DU?$char_traits@D@std@@@std@@QAE_JPBD_J@Z) already defined in SDKUtil.lib(SDKCommon.obj)
     1>msvcprtd.lib(MSVCP100D.dll) : error LNK2005: "public: int __thiscall std::basic_streambuf<char,struct std::char_traits<char> >::sputc(char)" (?sputc@?$basic_streambuf@DU?$char_traits@D@std@@@std@@QAEHD@Z) already defined in SDKUtil.lib(SDKCommon.obj)
     1>msvcprtd.lib(MSVCP100D.dll) : error LNK2005: "public: class std::basic_streambuf<char,struct std::char_traits<char> > * __thiscall std::basic_ios<char,struct std::char_traits<char> >::rdbuf(void)const " (?rdbuf@?$basic_ios@DU?$char_traits@D@std@@@std@@QBEPAV?$basic_streambuf@DU?$char_traits@D@std@@@2@XZ) already defined in SDKUtil.lib(SDKCommon.obj)
     1>msvcprtd.lib(MSVCP100D.dll) : error LNK2005: "public: char __thiscall std::basic_ios<char,struct std::char_traits<char> >::fill(void)const " (?fill@?$basic_ios@DU?$char_traits@D@std@@@std@@QBEDXZ) already defined in SDKUtil.lib(SDKCommon.obj)
     1>msvcprtd.lib(MSVCP100D.dll) : error LNK2005: "public: int __thiscall std::ios_base::flags(void)const " (?flags@ios_base@std@@QBEHXZ) already defined in SDKUtil.lib(SDKCommon.obj)
     1>msvcprtd.lib(MSVCP100D.dll) : error LNK2005: "public: __int64 __thiscall std::ios_base::width(void)const " (?width@ios_base@std@@QBE_JXZ) already defined in SDKUtil.lib(SDKCommon.obj)
     1>msvcprtd.lib(MSVCP100D.dll) : error LNK2005: "public: class std::basic_ostream<char,struct std::char_traits<char> > & __thiscall std::basic_ostream<char,struct std::char_traits<char> >::flush(void)" (?flush@?$basic_ostream@DU?$char_traits@D@std@@@std@@QAEAAV12@XZ) already defined in SDKUtil.lib(SDKCommon.obj)
     1>msvcprtd.lib(MSVCP100D.dll) : error LNK2005: "public: class std::basic_ostream<char,struct std::char_traits<char> > * __thiscall std::basic_ios<char,struct std::char_traits<char> >::tie(void)const " (?tie@?$basic_ios@DU?$char_traits@D@std@@@std@@QBEPAV?$basic_ostream@DU?$char_traits@D@std@@@2@XZ) already defined in SDKUtil.lib(SDKCommon.obj)
     1>msvcprtd.lib(MSVCP100D.dll) : error LNK2005: "public: bool __thiscall std::ios_base::good(void)const " (?good@ios_base@std@@QBE_NXZ) already defined in SDKUtil.lib(SDKCommon.obj)
     1>msvcprtd.lib(MSVCP100D.dll) : error LNK2005: "public: void __thiscall std::basic_ostream<char,struct std::char_traits<char> >::_Osfx(void)" (?_Osfx@?$basic_ostream@DU?$char_traits@D@std@@@std@@QAEXXZ) already defined in SDKUtil.lib(SDKCommon.obj)
     1>msvcprtd.lib(MSVCP100D.dll) : error LNK2005: "public: class std::basic_ostream<char,struct std::char_traits<char> > & __thiscall std::basic_ostream<char,struct std::char_traits<char> >::operator<<(unsigned int)" (??6?$basic_ostream@DU?$char_traits@D@std@@@std@@QAEAAV01@I@Z) already defined in SDKUtil.lib(SDKCommon.obj)
     1>msvcprtd.lib(MSVCP100D.dll) : error LNK2005: "public: class std::locale::facet * __thiscall std::locale::facet::_Decref(void)" (?_Decref@facet@locale@std@@QAEPAV123@XZ) already defined in SDKUtil.lib(SDKCommon.obj)
     1>libcpmtd.lib(ios.obj) : error LNK2005: "private: static void __cdecl std::ios_base::_Ios_base_dtor(class std::ios_base *)" (?_Ios_base_dtor@ios_base@std@@CAXPAV12@@Z) already defined in msvcprtd.lib(MSVCP100D.dll)
     1>libcpmtd.lib(ios.obj) : error LNK2005: "public: static void __cdecl std::ios_base::_Addstd(class std::ios_base *)" (?_Addstd@ios_base@std@@SAXPAV12@@Z) already defined in msvcprtd.lib(MSVCP100D.dll)
     1>libcpmtd.lib(locale0.obj) : error LNK2005: "private: static void __cdecl std::locale::facet::_Facet_Register(class std::locale::facet *)" (?_Facet_Register@facet@locale@std@@CAXPAV123@@Z) already defined in msvcprtd.lib(locale0_implib.obj)
     1>libcpmtd.lib(locale0.obj) : error LNK2005: "private: static class std::locale::_Locimp * __cdecl std::locale::_Getgloballocale(void)" (?_Getgloballocale@locale@std@@CAPAV_Locimp@12@XZ) already defined in msvcprtd.lib(MSVCP100D.dll)
     1>libcpmtd.lib(locale0.obj) : error LNK2005: "private: static class std::locale::_Locimp * __cdecl std::locale::_Init(void)" (?_Init@locale@std@@CAPAV_Locimp@12@XZ) already defined in msvcprtd.lib(MSVCP100D.dll)
     1>libcpmtd.lib(locale0.obj) : error LNK2005: "public: static void __cdecl std::_Locinfo::_Locinfo_ctor(class std::_Locinfo *,char const *)" (?_Locinfo_ctor@_Locinfo@std@@SAXPAV12@PBD@Z) already defined in msvcprtd.lib(MSVCP100D.dll)
     1>libcpmtd.lib(locale0.obj) : error LNK2005: "public: static void __cdecl std::_Locinfo::_Locinfo_dtor(class std::_Locinfo *)" (?_Locinfo_dtor@_Locinfo@std@@SAXPAV12@@Z) already defined in msvcprtd.lib(MSVCP100D.dll)
     1>libcpmtd.lib(xlock.obj) : error LNK2005: "public: __thiscall std::_Lockit::_Lockit(int)" (??0_Lockit@std@@QAE@H@Z) already defined in msvcprtd.lib(MSVCP100D.dll)
     1>libcpmtd.lib(xlock.obj) : error LNK2005: "public: __thiscall std::_Lockit::~_Lockit(void)" (??1_Lockit@std@@QAE@XZ) already defined in msvcprtd.lib(MSVCP100D.dll)
     1>LIBCMTD.lib(_file.obj) : error LNK2005: __lock_file already defined in MSVCRTD.lib(MSVCR100D.dll)
     1>LIBCMTD.lib(_file.obj) : error LNK2005: __unlock_file already defined in MSVCRTD.lib(MSVCR100D.dll)
     1>LIBCMTD.lib(setlocal.obj) : error LNK2005: __configthreadlocale already defined in MSVCRTD.lib(MSVCR100D.dll)
     1>LIBCMTD.lib(dbgheap.obj) : error LNK2005: __free_dbg already defined in MSVCRTD.lib(MSVCR100D.dll)
     1>LIBCMTD.lib(dbgheap.obj) : error LNK2005: __CrtSetCheckCount already defined in MSVCRTD.lib(MSVCR100D.dll)
     1>LIBCMTD.lib(crt0dat.obj) : error LNK2005: _exit already defined in MSVCRTD.lib(MSVCR100D.dll)
     1>LIBCMTD.lib(crt0dat.obj) : error LNK2005: __exit already defined in MSVCRTD.lib(MSVCR100D.dll)
     1>LIBCMTD.lib(crt0dat.obj) : error LNK2005: __cexit already defined in MSVCRTD.lib(MSVCR100D.dll)
     1>LIBCMTD.lib(crt0dat.obj) : error LNK2005: __amsg_exit already defined in MSVCRTD.lib(MSVCR100D.dll)
     1>LIBCMTD.lib(crt0dat.obj) : error LNK2005: __initterm_e already defined in MSVCRTD.lib(MSVCR100D.dll)
     1>LIBCMTD.lib(fflush.obj) : error LNK2005: _fflush already defined in MSVCRTD.lib(MSVCR100D.dll)
     1>LIBCMTD.lib(lconv.obj) : error LNK2005: _localeconv already defined in MSVCRTD.lib(MSVCR100D.dll)
     1>LIBCMTD.lib(dbghook.obj) : error LNK2005: __crt_debugger_hook already defined in MSVCRTD.lib(MSVCR100D.dll)
     1>LIBCMTD.lib(invarg.obj) : error LNK2005: __invalid_parameter already defined in MSVCRTD.lib(MSVCR100D.dll)
     1>LIBCMTD.lib(invarg.obj) : error LNK2005: __invoke_watson already defined in MSVCRTD.lib(MSVCR100D.dll)
     1>LIBCMTD.lib(crt0init.obj) : error LNK2005: ___xi_a already defined in MSVCRTD.lib(cinitexe.obj)
     1>LIBCMTD.lib(crt0init.obj) : error LNK2005: ___xi_z already defined in MSVCRTD.lib(cinitexe.obj)
     1>LIBCMTD.lib(crt0init.obj) : error LNK2005: ___xc_a already defined in MSVCRTD.lib(cinitexe.obj)
     1>LIBCMTD.lib(crt0init.obj) : error LNK2005: ___xc_z already defined in MSVCRTD.lib(cinitexe.obj)
     1>LIBCMTD.lib(hooks.obj) : error LNK2005: "void __cdecl terminate(void)" (?terminate@@YAXXZ) already defined in MSVCRTD.lib(MSVCR100D.dll)
     1>LIBCMTD.lib(mlock.obj) : error LNK2005: __lock already defined in MSVCRTD.lib(MSVCR100D.dll)
     1>LIBCMTD.lib(mlock.obj) : error LNK2005: __unlock already defined in MSVCRTD.lib(MSVCR100D.dll)
     1>LIBCMTD.lib(winxfltr.obj) : error LNK2005: __XcptFilter already defined in MSVCRTD.lib(MSVCR100D.dll)
     1>LIBCMTD.lib(sprintf.obj) : error LNK2005: _sprintf already defined in MSVCRTD.lib(MSVCR100D.dll)
     1>LIBCMTD.lib(sprintf.obj) : error LNK2005: _sprintf_s already defined in MSVCRTD.lib(MSVCR100D.dll)
     1>LIBCMTD.lib(crt0.obj) : error LNK2005: _mainCRTStartup already defined in MSVCRTD.lib(crtexe.obj)
     1>LIBCMTD.lib(errmode.obj) : error LNK2005: ___set_app_type already defined in MSVCRTD.lib(MSVCR100D.dll)
     1>LIBCMTD.lib(dbgrptw.obj) : error LNK2005: __CrtDbgReportW already defined in MSVCRTD.lib(MSVCR100D.dll)
     1>LINK : warning LNK4098: defaultlib 'MSVCRTD' conflicts with use of other libs; use /NODEFAULTLIB:library
     1>LINK : warning LNK4098: defaultlib 'LIBCMTD' conflicts with use of other libs; use /NODEFAULTLIB:library
     1>E:\INFORMATYKA\rok V sem zimowy\Systemy rekonfigurowalne\Projekt\ParallelEdgeDetection\Debug\ParallelEdgeDetection.exe : fatal error LNK1169: one or more multiply defined symbols found
     1>Done Building Project "E:\INFORMATYKA\rok V sem zimowy\Systemy rekonfigurowalne\Projekt\ParallelEdgeDetection\ParallelEdgeDetection\ParallelEdgeDetection.vcxproj" (build target(s)) -- FAILED.

Build FAILED.

Time Elapsed 00:00:00.22
